<?xml version="1.0" encoding="UTF-8"?>
<testsuite xmlns:xsi="http://www.w3.org/2001/XMLSchema-instance" xsi:noNamespaceSchemaLocation="https://maven.apache.org/surefire/maven-surefire-plugin/xsd/surefire-test-report-3.0.xsd" version="3.0" name="com.example.carrentalsystem.controllers.RentalControllerTest" time="11.795" tests="10" errors="0" skipped="0" failures="0">
  <properties>
[...]
</properties>
  <testcase name="addUser" classname="com.example.carrentalsystem.controllers.RentalControllerTest" time="0.527">
    <system-out><![CDATA[2023-08-01T00:23:11.356+01:00  INFO 872 --- [           main] t.c.s.AnnotationConfigContextLoaderUtils : Could not detect default configuration classes for test class [com.example.carrentalsystem.controllers.RentalControllerTest]: RentalControllerTest does not declare any static, non-private, non-final, nested classes annotated with @Configuration.
2023-08-01T00:23:11.369+01:00  INFO 872 --- [           main] .b.t.c.SpringBootTestContextBootstrapper : Found @SpringBootConfiguration com.example.carrentalsystem.CarRentalSystemApplication for test class com.example.carrentalsystem.controllers.RentalControllerTest
]]></system-out>
  </testcase>
  <testcase name="loginUser" classname="com.example.carrentalsystem.controllers.RentalControllerTest" time="0.74">
    <system-out><![CDATA[7
]]></system-out>
  </testcase>
  <testcase name="addCar" classname="com.example.carrentalsystem.controllers.RentalControllerTest" time="1.559"/>
  <testcase name="addRental" classname="com.example.carrentalsystem.controllers.RentalControllerTest" time="4.71"/>
  <testcase name="getAllRentals" classname="com.example.carrentalsystem.controllers.RentalControllerTest" time="1.092">
    <system-out><![CDATA[STATUS_PENDING
]]></system-out>
  </testcase>
  <testcase name="getUserRentals" classname="com.example.carrentalsystem.controllers.RentalControllerTest" time="0.79"/>
  <testcase name="getRentalInfo" classname="com.example.carrentalsystem.controllers.RentalControllerTest" time="0.586"/>
  <testcase name="changeStatus" classname="com.example.carrentalsystem.controllers.RentalControllerTest" time="0.873"/>
  <testcase name="changeRentalInformation" classname="com.example.carrentalsystem.controllers.RentalControllerTest" time="0.316"/>
  <testcase name="deleteAll" classname="com.example.carrentalsystem.controllers.RentalControllerTest" time="0.51"/>
</testsuite>